Determining if the pthread_create exist failed with the following output:
Change Dir: /home/tsuchida/ros_package/ur_ws/src/servo_2/build/CMakeFiles/CMakeTmp

Run Build Command:"/usr/bin/make" "cmTC_72388/fast"
/usr/bin/make -f CMakeFiles/cmTC_72388.dir/build.make CMakeFiles/cmTC_72388.dir/build
make[1]: ディレクトリ '/home/tsuchida/ros_package/ur_ws/src/servo_2/build/CMakeFiles/CMakeTmp' に入ります
Building C object CMakeFiles/cmTC_72388.dir/CheckSymbolExists.c.o
/usr/bin/gcc-7    -o CMakeFiles/cmTC_72388.dir/CheckSymbolExists.c.o   -c /home/tsuchida/ros_package/ur_ws/src/servo_2/build/CMakeFiles/CMakeTmp/CheckSymbolExists.c
Linking C executable cmTC_72388
/usr/bin/cmake -E cmake_link_script CMakeFiles/cmTC_72388.dir/link.txt --verbose=1
/usr/bin/gcc-7      -rdynamic CMakeFiles/cmTC_72388.dir/CheckSymbolExists.c.o  -o cmTC_72388 
CMakeFiles/cmTC_72388.dir/CheckSymbolExists.c.o: 関数 `main' 内:
CheckSymbolExists.c:(.text+0x1b): `pthread_create' に対する定義されていない参照です
collect2: error: ld returned 1 exit status
CMakeFiles/cmTC_72388.dir/build.make:97: recipe for target 'cmTC_72388' failed
make[1]: *** [cmTC_72388] Error 1
make[1]: ディレクトリ '/home/tsuchida/ros_package/ur_ws/src/servo_2/build/CMakeFiles/CMakeTmp' から出ます
Makefile:126: recipe for target 'cmTC_72388/fast' failed
make: *** [cmTC_72388/fast] Error 2

File /home/tsuchida/ros_package/ur_ws/src/servo_2/build/CMakeFiles/CMakeTmp/CheckSymbolExists.c:
/* */
#include <pthread.h>

int main(int argc, char** argv)
{
  (void)argv;
#ifndef pthread_create
  return ((int*)(&pthread_create))[argc];
#else
  (void)argc;
  return 0;
#endif
}

Determining if the function pthread_create exists in the pthreads failed with the following output:
Change Dir: /home/tsuchida/ros_package/ur_ws/src/servo_2/build/CMakeFiles/CMakeTmp

Run Build Command:"/usr/bin/make" "cmTC_f73d3/fast"
/usr/bin/make -f CMakeFiles/cmTC_f73d3.dir/build.make CMakeFiles/cmTC_f73d3.dir/build
make[1]: ディレクトリ '/home/tsuchida/ros_package/ur_ws/src/servo_2/build/CMakeFiles/CMakeTmp' に入ります
Building C object CMakeFiles/cmTC_f73d3.dir/CheckFunctionExists.c.o
/usr/bin/gcc-7   -DCHECK_FUNCTION_EXISTS=pthread_create   -o CMakeFiles/cmTC_f73d3.dir/CheckFunctionExists.c.o   -c /usr/share/cmake-3.10/Modules/CheckFunctionExists.c
Linking C executable cmTC_f73d3
/usr/bin/cmake -E cmake_link_script CMakeFiles/cmTC_f73d3.dir/link.txt --verbose=1
/usr/bin/gcc-7  -DCHECK_FUNCTION_EXISTS=pthread_create    -rdynamic CMakeFiles/cmTC_f73d3.dir/CheckFunctionExists.c.o  -o cmTC_f73d3 -lpthreads 
/usr/bin/ld: -lpthreads が見つかりません
collect2: error: ld returned 1 exit status
CMakeFiles/cmTC_f73d3.dir/build.make:97: recipe for target 'cmTC_f73d3' failed
make[1]: *** [cmTC_f73d3] Error 1
make[1]: ディレクトリ '/home/tsuchida/ros_package/ur_ws/src/servo_2/build/CMakeFiles/CMakeTmp' から出ます
Makefile:126: recipe for target 'cmTC_f73d3/fast' failed
make: *** [cmTC_f73d3/fast] Error 2


